<?xml version="1.0" encoding="UTF-8"?>
<testng-results ignored="0" total="1" passed="1" failed="0" skipped="0">
  <reporter-output>
  </reporter-output>
  <suite started-at="2023-09-22T15:44:52 IST" name="Default suite" finished-at="2023-09-22T15:45:09 IST" duration-ms="16376">
    <groups>
    </groups>
    <test started-at="2023-09-22T15:44:52 IST" name="Default test" finished-at="2023-09-22T15:45:09 IST" duration-ms="16376">
      <class name="dhiru.ranchi.india.TestGoogleWebSite">
        <test-method signature="launchgoogle()[pri:0, instance:dhiru.ranchi.india.TestGoogleWebSite@f78a47e]" started-at="2023-09-22T15:44:52 IST" name="launchgoogle" finished-at="2023-09-22T15:45:09 IST" duration-ms="16294" status="PASS">
          <reporter-output>
          </reporter-output>
        </test-method> <!-- launchgoogle -->
      </class> <!-- dhiru.ranchi.india.TestGoogleWebSite -->
    </test> <!-- Default test -->
  </suite> <!-- Default suite -->
</testng-results>
